execve("/usr/bin/bash", ["bash", "-c", "cd /tmp"], 0xffffcd245bf0 /* 49 vars */) = 0
brk(NULL)                               = 0xaaaae7416000
faccessat(AT_FDCWD, "/etc/ld.so.preload", R_OK) = -1 ENOENT (No such file or directory)
openat(AT_FDCWD, "/etc/ld.so.cache", O_RDONLY|O_CLOEXEC) = 3
fstat(3, {st_mode=S_IFREG|0644, st_size=67166, ...}) = 0
mmap(NULL, 67166, PROT_READ, MAP_PRIVATE, 3, 0) = 0xffffa6524000
close(3)                                = 0
openat(AT_FDCWD, "/lib/aarch64-linux-gnu/libtinfo.so.6", O_RDONLY|O_CLOEXEC) = 3
read(3, "\177ELF\2\1\1\0\0\0\0\0\0\0\0\0\3\0\267\0\1\0\0\0000\327\0\0\0\0\0\0"..., 832) = 832
fstat(3, {st_mode=S_IFREG|0644, st_size=187688, ...}) = 0
mmap(NULL, 8192, PROT_READ|PROT_WRITE, MAP_PRIVATE|MAP_ANONYMOUS, -1, 0) = 0xffffa6561000
mmap(NULL, 252168, PROT_READ|PROT_EXEC, MAP_PRIVATE|MAP_DENYWRITE, 3, 0) = 0xffffa64e6000
mprotect(0xffffa650f000, 65536, PROT_NONE) = 0
mmap(0xffffa651f000, 20480, PROT_READ|PROT_WRITE, MAP_PRIVATE|MAP_FIXED|MAP_DENYWRITE, 3, 0x29000) = 0xffffa651f000
close(3)                                = 0
openat(AT_FDCWD, "/lib/aarch64-linux-gnu/libdl.so.2", O_RDONLY|O_CLOEXEC) = 3
read(3, "\177ELF\2\1\1\0\0\0\0\0\0\0\0\0\3\0\267\0\1\0\0\0P\17\0\0\0\0\0\0"..., 832) = 832
fstat(3, {st_mode=S_IFREG|0644, st_size=14528, ...}) = 0
mmap(NULL, 78080, PROT_READ|PROT_EXEC, MAP_PRIVATE|MAP_DENYWRITE, 3, 0) = 0xffffa64d2000
mprotect(0xffffa64d5000, 61440, PROT_NONE) = 0
mmap(0xffffa64e4000, 8192, PROT_READ|PROT_WRITE, MAP_PRIVATE|MAP_FIXED|MAP_DENYWRITE, 3, 0x2000) = 0xffffa64e4000
close(3)                                = 0
openat(AT_FDCWD, "/lib/aarch64-linux-gnu/libc.so.6", O_RDONLY|O_CLOEXEC) = 3
read(3, "\177ELF\2\1\1\3\0\0\0\0\0\0\0\0\3\0\267\0\1\0\0\0\250\16\2\0\0\0\0\0"..., 832) = 832
fstat(3, {st_mode=S_IFREG|0755, st_size=1450736, ...}) = 0
mmap(NULL, 1519496, PROT_READ|PROT_EXEC, MAP_PRIVATE|MAP_DENYWRITE, 3, 0) = 0xffffa635f000
mprotect(0xffffa64b9000, 65536, PROT_NONE) = 0
mmap(0xffffa64c9000, 24576, PROT_READ|PROT_WRITE, MAP_PRIVATE|MAP_FIXED|MAP_DENYWRITE, 3, 0x15a000) = 0xffffa64c9000
mmap(0xffffa64cf000, 12168, PROT_READ|PROT_WRITE, MAP_PRIVATE|MAP_FIXED|MAP_ANONYMOUS, -1, 0) = 0xffffa64cf000
close(3)                                = 0
mmap(NULL, 8192, PROT_READ|PROT_WRITE, MAP_PRIVATE|MAP_ANONYMOUS, -1, 0) = 0xffffa655f000
mprotect(0xffffa64c9000, 16384, PROT_READ) = 0
mprotect(0xffffa64e4000, 4096, PROT_READ) = 0
mprotect(0xffffa651f000, 16384, PROT_READ) = 0
mprotect(0xaaaadb0db000, 20480, PROT_READ) = 0
mprotect(0xffffa6566000, 4096, PROT_READ) = 0
munmap(0xffffa6524000, 67166)           = 0
openat(AT_FDCWD, "/dev/tty", O_RDWR|O_NONBLOCK) = 3
close(3)                                = 0
brk(NULL)                               = 0xaaaae7416000
brk(0xaaaae7437000)                     = 0xaaaae7437000
openat(AT_FDCWD, "/usr/lib/locale/locale-archive", O_RDONLY|O_CLOEXEC) = 3
fstat(3, {st_mode=S_IFREG|0644, st_size=3035952, ...}) = 0
mmap(NULL, 3035952, PROT_READ, MAP_PRIVATE, 3, 0) = 0xffffa6079000
close(3)                                = 0
openat(AT_FDCWD, "/usr/lib/aarch64-linux-gnu/gconv/gconv-modules.cache", O_RDONLY) = 3
fstat(3, {st_mode=S_IFREG|0644, st_size=27004, ...}) = 0
mmap(NULL, 27004, PROT_READ, MAP_SHARED, 3, 0) = 0xffffa6558000
close(3)                                = 0
getuid()                                = 1000
getgid()                                = 1000
geteuid()                               = 1000
getegid()                               = 1000
rt_sigprocmask(SIG_BLOCK, NULL, [], 8)  = 0
ioctl(-1, TIOCGPGRP, 0xffffe24c8bb4)    = -1 EBADF (Bad file descriptor)
sysinfo({uptime=1349, loads=[107040, 89024, 49536], totalram=4104450048, freeram=71778304, sharedram=175419392, bufferram=67678208, totalswap=2147479552, freeswap=2145906688, procs=462, totalhigh=0, freehigh=0, mem_unit=1}) = 0
rt_sigaction(SIGCHLD, {sa_handler=SIG_DFL, sa_mask=[], sa_flags=SA_RESTART}, {sa_handler=SIG_DFL, sa_mask=[], sa_flags=0}, 8) = 0
rt_sigaction(SIGCHLD, {sa_handler=SIG_DFL, sa_mask=[], sa_flags=SA_RESTART}, {sa_handler=SIG_DFL, sa_mask=[], sa_flags=SA_RESTART}, 8) = 0
rt_sigaction(SIGINT, {sa_handler=SIG_DFL, sa_mask=[], sa_flags=0}, {sa_handler=SIG_DFL, sa_mask=[], sa_flags=0}, 8) = 0
rt_sigaction(SIGINT, {sa_handler=SIG_DFL, sa_mask=[], sa_flags=0}, {sa_handler=SIG_DFL, sa_mask=[], sa_flags=0}, 8) = 0
rt_sigaction(SIGQUIT, {sa_handler=SIG_DFL, sa_mask=[], sa_flags=0}, {sa_handler=SIG_DFL, sa_mask=[], sa_flags=0}, 8) = 0
rt_sigaction(SIGQUIT, {sa_handler=SIG_DFL, sa_mask=[], sa_flags=0}, {sa_handler=SIG_DFL, sa_mask=[], sa_flags=0}, 8) = 0
rt_sigaction(SIGTSTP, {sa_handler=SIG_DFL, sa_mask=[], sa_flags=0}, {sa_handler=SIG_DFL, sa_mask=[], sa_flags=0}, 8) = 0
rt_sigaction(SIGTSTP, {sa_handler=SIG_DFL, sa_mask=[], sa_flags=0}, {sa_handler=SIG_DFL, sa_mask=[], sa_flags=0}, 8) = 0
rt_sigaction(SIGTTIN, {sa_handler=SIG_DFL, sa_mask=[], sa_flags=0}, {sa_handler=SIG_DFL, sa_mask=[], sa_flags=0}, 8) = 0
rt_sigaction(SIGTTIN, {sa_handler=SIG_DFL, sa_mask=[], sa_flags=0}, {sa_handler=SIG_DFL, sa_mask=[], sa_flags=0}, 8) = 0
rt_sigaction(SIGTTOU, {sa_handler=SIG_DFL, sa_mask=[], sa_flags=0}, {sa_handler=SIG_DFL, sa_mask=[], sa_flags=0}, 8) = 0
rt_sigaction(SIGTTOU, {sa_handler=SIG_DFL, sa_mask=[], sa_flags=0}, {sa_handler=SIG_DFL, sa_mask=[], sa_flags=0}, 8) = 0
rt_sigprocmask(SIG_BLOCK, NULL, [], 8)  = 0
rt_sigaction(SIGQUIT, {sa_handler=SIG_IGN, sa_mask=[], sa_flags=0}, {sa_handler=SIG_DFL, sa_mask=[], sa_flags=0}, 8) = 0
uname({sysname="Linux", nodename="ubuntu-linux-20-04-desktop", ...}) = 0
newfstatat(AT_FDCWD, "/home/parallels", {st_mode=S_IFDIR|0755, st_size=4096, ...}, 0) = 0
newfstatat(AT_FDCWD, ".", {st_mode=S_IFDIR|0755, st_size=4096, ...}, 0) = 0
newfstatat(AT_FDCWD, "/home", {st_mode=S_IFDIR|0755, st_size=4096, ...}, 0) = 0
newfstatat(AT_FDCWD, "/home/parallels", {st_mode=S_IFDIR|0755, st_size=4096, ...}, 0) = 0
newfstatat(AT_FDCWD, "/lib/modules-load.d", {st_mode=S_IFDIR|0755, st_size=4096, ...}, 0) = 0
getpid()                                = 58027
getppid()                               = 58024
newfstatat(AT_FDCWD, ".", {st_mode=S_IFDIR|0755, st_size=4096, ...}, 0) = 0
newfstatat(AT_FDCWD, "/usr/local/sbin/bash", 0xffffe24c8808, 0) = -1 ENOENT (No such file or directory)
newfstatat(AT_FDCWD, "/usr/local/bin/bash", 0xffffe24c8808, 0) = -1 ENOENT (No such file or directory)
newfstatat(AT_FDCWD, "/usr/sbin/bash", 0xffffe24c8808, 0) = -1 ENOENT (No such file or directory)
newfstatat(AT_FDCWD, "/usr/bin/bash", {st_mode=S_IFREG|0755, st_size=1215072, ...}, 0) = 0
newfstatat(AT_FDCWD, "/usr/bin/bash", {st_mode=S_IFREG|0755, st_size=1215072, ...}, 0) = 0
geteuid()                               = 1000
getegid()                               = 1000
getuid()                                = 1000
getgid()                                = 1000
faccessat(AT_FDCWD, "/usr/bin/bash", X_OK) = 0
newfstatat(AT_FDCWD, "/usr/bin/bash", {st_mode=S_IFREG|0755, st_size=1215072, ...}, 0) = 0
geteuid()                               = 1000
getegid()                               = 1000
getuid()                                = 1000
getgid()                                = 1000
faccessat(AT_FDCWD, "/usr/bin/bash", R_OK) = 0
newfstatat(AT_FDCWD, "/usr/bin/bash", {st_mode=S_IFREG|0755, st_size=1215072, ...}, 0) = 0
newfstatat(AT_FDCWD, "/usr/bin/bash", {st_mode=S_IFREG|0755, st_size=1215072, ...}, 0) = 0
geteuid()                               = 1000
getegid()                               = 1000
getuid()                                = 1000
getgid()                                = 1000
faccessat(AT_FDCWD, "/usr/bin/bash", X_OK) = 0
newfstatat(AT_FDCWD, "/usr/bin/bash", {st_mode=S_IFREG|0755, st_size=1215072, ...}, 0) = 0
geteuid()                               = 1000
getegid()                               = 1000
getuid()                                = 1000
getgid()                                = 1000
faccessat(AT_FDCWD, "/usr/bin/bash", R_OK) = 0
getpid()                                = 58027
getpgid(0)                              = 58024
ioctl(2, TIOCGPGRP, [58024])            = 0
rt_sigaction(SIGCHLD, {sa_handler=0xaaaadb00dde0, sa_mask=[], sa_flags=SA_RESTART}, {sa_handler=SIG_DFL, sa_mask=[], sa_flags=SA_RESTART}, 8) = 0
prlimit64(0, RLIMIT_NPROC, NULL, {rlim_cur=15256, rlim_max=15256}) = 0
rt_sigprocmask(SIG_BLOCK, NULL, [], 8)  = 0
getpeername(0, 0xffffe24c8bd8, [16])    = -1 ENOTSOCK (Socket operation on non-socket)
rt_sigprocmask(SIG_BLOCK, NULL, [], 8)  = 0
newfstatat(AT_FDCWD, "/tmp", {st_mode=S_IFDIR|S_ISVTX|0777, st_size=4096, ...}, 0) = 0
chdir("/tmp")                           = 0
rt_sigprocmask(SIG_BLOCK, [CHLD], [], 8) = 0
rt_sigprocmask(SIG_SETMASK, [], NULL, 8) = 0
exit_group(0)                           = ?
+++ exited with 0 +++
